<?xml version="1.0" encoding="UTF-8"?>
<testng-results skipped="0" failed="0" total="1" passed="1">
  <reporter-output>
  </reporter-output>
  <suite name="Default suite" duration-ms="32563" started-at="2019-12-02T09:50:40Z" finished-at="2019-12-02T09:51:13Z">
    <groups>
    </groups>
    <test name="Default test" duration-ms="32563" started-at="2019-12-02T09:50:40Z" finished-at="2019-12-02T09:51:13Z">
      <class name="com.training.sanity.tests.UNF016_DeleteOrderFrom_Cart">
        <test-method status="PASS" signature="setUpBeforeClass()[pri:0, instance:com.training.sanity.tests.UNF016_DeleteOrderFrom_Cart@4501b7af]" name="setUpBeforeClass" is-config="true" duration-ms="16" started-at="2019-12-02T15:20:40Z" finished-at="2019-12-02T15:20:40Z">
          <reporter-output>
          </reporter-output>
        </test-method> <!-- setUpBeforeClass -->
        <test-method status="PASS" signature="setUp()[pri:0, instance:com.training.sanity.tests.UNF016_DeleteOrderFrom_Cart@4501b7af]" name="setUp" is-config="true" duration-ms="16373" started-at="2019-12-02T15:20:40Z" finished-at="2019-12-02T15:20:56Z">
          <reporter-output>
          </reporter-output>
        </test-method> <!-- setUp -->
        <test-method status="PASS" signature="validLoginTest()[pri:0, instance:com.training.sanity.tests.UNF016_DeleteOrderFrom_Cart@4501b7af]" name="validLoginTest" duration-ms="15140" started-at="2019-12-02T15:20:56Z" finished-at="2019-12-02T15:21:12Z">
          <reporter-output>
          </reporter-output>
        </test-method> <!-- validLoginTest -->
        <test-method status="PASS" signature="tearDown()[pri:0, instance:com.training.sanity.tests.UNF016_DeleteOrderFrom_Cart@4501b7af]" name="tearDown" is-config="true" duration-ms="1001" started-at="2019-12-02T15:21:12Z" finished-at="2019-12-02T15:21:13Z">
          <reporter-output>
          </reporter-output>
        </test-method> <!-- tearDown -->
      </class> <!-- com.training.sanity.tests.UNF016_DeleteOrderFrom_Cart -->
    </test> <!-- Default test -->
  </suite> <!-- Default suite -->
</testng-results>
